<?xml version="1.0" encoding="UTF-8"?>
<robot generator="Robot 3.2.2 (Python 3.8.5 on win32)" generated="20210922 16:27:09.988" rpa="false">
<suite id="s1" name="Aisplay" source="D:\AISPlaybox\testsuite\aisplay.robot">
<test id="s1-t1" name="Test AIS Playbox">
<kw name="Open app AIS play" library="commonKeyword">
<kw name="Open Application" library="AppiumLibrary">
<doc>Opens a new application to given Appium server.
Capabilities of appium server, Android and iOS,
Please check https://github.com/appium/appium/blob/master/docs/en/writing-running-appium/server-args.md
| *Option*            | *Man.* | *Description*     |
| remote_url          | Yes    | Appium server url |
| alias               | no     | alias             |</doc>
<arguments>
<arg>http://localhost:4723/wd/hub</arg>
<arg>platformName=Android</arg>
<arg>platformVersion=7.1.2</arg>
<arg>deviceName=192.168.2.19:6555</arg>
<arg>appPackage=com.ais.mimo.AISPlaybox play</arg>
<arg>appActivity=net.vimmi.lib.ui.main.MainActivity</arg>
<arg>automationName=UiAutomator2</arg>
<arg>noReset=true</arg>
</arguments>
<status status="PASS" starttime="20210922 16:27:10.432" endtime="20210922 16:27:27.146"></status>
</kw>
<status status="PASS" starttime="20210922 16:27:10.429" endtime="20210922 16:27:27.147"></status>
</kw>
<kw name="Selete AIS Playbox" library="commonKeyword">
<kw name="Wait Until Element Is Visible" library="AppiumLibrary">
<doc>Waits until element specified with `locator` is visible.</doc>
<arguments>
<arg>xpath=(//*[@class="android.widget.Button"])[14]</arg>
</arguments>
<status status="PASS" starttime="20210922 16:27:27.148" endtime="20210922 16:27:27.402"></status>
</kw>
<kw name="Click Element" library="AppiumLibrary">
<doc>Click element identified by `locator`.</doc>
<arguments>
<arg>xpath=(//*[@class="android.widget.Button"])[14]</arg>
</arguments>
<msg timestamp="20210922 16:27:27.405" level="INFO">Clicking element 'xpath=(//*[@class="android.widget.Button"])[14]'.</msg>
<status status="PASS" starttime="20210922 16:27:27.403" endtime="20210922 16:27:27.587"></status>
</kw>
<kw name="Element Text Should Be" library="AppiumLibrary">
<doc>Verifies element identified by ``locator`` exactly contains text ``expected``.</doc>
<arguments>
<arg>xpath=//*[@class="android.widget.TextView" and (@text="หน้าแรก" or @text="Home")]</arg>
<arg>หน้าแรก</arg>
</arguments>
<msg timestamp="20210922 16:27:27.590" level="INFO">Verifying element 'xpath=//*[@class="android.widget.TextView" and (@text="หน้าแรก" or @text="Home")]' contains exactly text 'หน้าแรก'.</msg>
<status status="PASS" starttime="20210922 16:27:27.588" endtime="20210922 16:27:29.256"></status>
</kw>
<kw name="Capture Page Screenshot" library="AppiumLibrary">
<doc>Takes a screenshot of the current page and embeds it into the log.</doc>
<msg timestamp="20210922 16:27:32.281" level="INFO" html="yes">&lt;/td&gt;&lt;/tr&gt;&lt;tr&gt;&lt;td colspan="3"&gt;&lt;a href="appium-screenshot-1.png"&gt;&lt;img src="appium-screenshot-1.png" width="800px"&gt;&lt;/a&gt;</msg>
<status status="PASS" starttime="20210922 16:27:29.257" endtime="20210922 16:27:32.282"></status>
</kw>
<status status="PASS" starttime="20210922 16:27:27.147" endtime="20210922 16:27:32.282"></status>
</kw>
<kw name="Get logcat" library="commonKeyword">
<kw name="Run Process" library="Process">
<doc>Runs a process and waits for it to complete.</doc>
<arguments>
<arg>adb -s 192.168.2.19:6555 logcat</arg>
</arguments>
<assign>
<var>${logcat}</var>
</assign>
<msg timestamp="20210922 16:27:32.284" level="INFO">Starting process:
"adb -s 192.168.2.19:6555 logcat"</msg>
<msg timestamp="20210922 16:27:32.299" level="FAIL">FileNotFoundError: [WinError 2] The system cannot find the file specified</msg>
<status status="FAIL" starttime="20210922 16:27:32.283" endtime="20210922 16:27:32.299"></status>
</kw>
<status status="FAIL" starttime="20210922 16:27:32.282" endtime="20210922 16:27:32.300"></status>
</kw>
<status status="FAIL" starttime="20210922 16:27:10.428" endtime="20210922 16:27:32.301" critical="yes">FileNotFoundError: [WinError 2] The system cannot find the file specified</status>
</test>
<status status="FAIL" starttime="20210922 16:27:09.991" endtime="20210922 16:27:32.305"></status>
</suite>
<statistics>
<total>
<stat pass="0" fail="1">Critical Tests</stat>
<stat pass="0" fail="1">All Tests</stat>
</total>
<tag>
</tag>
<suite>
<stat pass="0" fail="1" id="s1" name="Aisplay">Aisplay</stat>
</suite>
</statistics>
<errors>
<msg timestamp="20210922 16:27:10.423" level="ERROR">Error in file 'D:\AISPlaybox\Resource\PageKeyword\commonKeyword.robot' on line 4: Importing test library 'RobotAppEyes' failed: ModuleNotFoundError: No module named 'RobotAppEyes'
Traceback (most recent call last):
  None
PYTHONPATH:
  C:\Users\walai\AppData\Local\Programs\Python\Python38-32\Scripts\robot.exe
  c:\users\walai\appdata\local\programs\python\python38-32\python38.zip
  c:\users\walai\appdata\local\programs\python\python38-32\DLLs
  c:\users\walai\appdata\local\programs\python\python38-32\lib
  c:\users\walai\appdata\local\programs\python\python38-32
  C:\Users\walai\AppData\Roaming\Python\Python38\site-packages
  c:\users\walai\appdata\local\programs\python\python38-32\lib\site-packages
  c:\users\walai\appdata\local\programs\python\python38-32\lib\site-packages\win32
  c:\users\walai\appdata\local\programs\python\python38-32\lib\site-packages\win32\lib
  c:\users\walai\appdata\local\programs\python\python38-32\lib\site-packages\Pythonwin</msg>
</errors>
</robot>
